<?xml version="1.0" encoding="UTF-8"?>
<!-- Generated by org.testng.reporters.JUnitReportReporter -->
<testsuite hostname="DESKTOP-RF2NQC6" name="com.web.Pratice.AppTest" tests="1" failures="0" timestamp="9 Jan 2021 17:47:34 GMT" time="8.632" errors="0">
  <testcase name="m1" time="8.632" classname="com.web.Pratice.AppTest"/>
</testsuite> <!-- com.web.Pratice.AppTest -->
